<?xml version="1.0" encoding="UTF-8"?>
<!-- Generated by org.testng.reporters.JUnitReportReporter -->
<testsuite hostname="Mukeshs-MacBook-Air.local" failures="0" tests="1" name="com.ots.testcases.LoginTest" time="9.065" errors="0" timestamp="2024-02-26T20:36:31 IST" skipped="0">
  <testcase classname="com.ots.testcases.LoginTest" name="loginToApplicationWithValidCredentials" time="9.065"/>
</testsuite> <!-- com.ots.testcases.LoginTest -->
